<?xml version="1.0" encoding="UTF-8"?>
<testsuite xmlns:xsi="http://www.w3.org/2001/XMLSchema-instance" xsi:noNamespaceSchemaLocation="https://maven.apache.org/surefire/maven-surefire-plugin/xsd/surefire-test-report-3.0.xsd" version="3.0" name="com.example.app.CornerCaseTest" time="0.052" tests="4" errors="0" skipped="0" failures="0">
  <properties>
[...]
</properties>
  <testcase name="testWithTenArgs" classname="com.example.app.CornerCaseTest" time="0.004"/>
  <testcase name="testWithZeroArgs" classname="com.example.app.CornerCaseTest" time="0.0"/>
  <testcase name="testWithMoreThanTenArgs" classname="com.example.app.CornerCaseTest" time="0.0"/>
  <testcase name="testWithOneArg" classname="com.example.app.CornerCaseTest" time="0.0"/>
</testsuite>